<?xml version="1.0" encoding="UTF-8"?>
<testng-results ignored="0" total="2" passed="2" failed="0" skipped="0">
  <reporter-output>
  </reporter-output>
  <suite started-at="2025-01-04T17:26:20 IST" name="Default suite" finished-at="2025-01-04T17:26:36 IST" duration-ms="15880">
    <groups>
    </groups>
    <test started-at="2025-01-04T17:26:20 IST" name="Default test" finished-at="2025-01-04T17:26:36 IST" duration-ms="15880">
      <class name="com.qa.hs.tests.LoginTest">
        <test-method signature="SignUpTest()[pri:0, instance:com.qa.hs.tests.LoginTest@38d8f54a]" started-at="2025-01-04T17:26:20 IST" name="SignUpTest" finished-at="2025-01-04T17:26:33 IST" duration-ms="12222" status="PASS">
          <reporter-output>
          </reporter-output>
        </test-method> <!-- SignUpTest -->
        <test-method signature="logintest()[pri:0, instance:com.qa.hs.tests.LoginTest@38d8f54a]" started-at="2025-01-04T17:26:33 IST" name="logintest" finished-at="2025-01-04T17:26:36 IST" duration-ms="3607" status="PASS">
          <reporter-output>
          </reporter-output>
        </test-method> <!-- logintest -->
      </class> <!-- com.qa.hs.tests.LoginTest -->
    </test> <!-- Default test -->
  </suite> <!-- Default suite -->
</testng-results>
