<?xml version="1.0" encoding="UTF-8"?>
<testng-results ignored="0" total="1" passed="1" failed="0" skipped="0">
  <reporter-output>
  </reporter-output>
  <suite started-at="2025-01-04T15:04:48 IST" name="Default suite" finished-at="2025-01-04T15:04:58 IST" duration-ms="9850">
    <groups>
    </groups>
    <test started-at="2025-01-04T15:04:48 IST" name="Default test" finished-at="2025-01-04T15:04:58 IST" duration-ms="9850">
      <class name="com.qa.hs.tests.LoginTest">
        <test-method signature="logintest()[pri:0, instance:com.qa.hs.tests.LoginTest@409bf450]" started-at="2025-01-04T15:04:48 IST" name="logintest" finished-at="2025-01-04T15:04:58 IST" duration-ms="9813" status="PASS">
          <reporter-output>
          </reporter-output>
        </test-method> <!-- logintest -->
      </class> <!-- com.qa.hs.tests.LoginTest -->
    </test> <!-- Default test -->
  </suite> <!-- Default suite -->
</testng-results>
